This file contains any messages produced by compilers while
running configure, to aid debugging if configure makes a mistake.

It was created by [llvm-deps] configure [0.00], which was
generated by GNU Autoconf 2.69.  Invocation command line was

  $ ./configure 

## --------- ##
## Platform. ##
## --------- ##

hostname = CSE-p338hfac01.cse.psu.edu
uname -m = x86_64
uname -r = 15.5.0
uname -s = Darwin
uname -v = Darwin Kernel Version 15.5.0: Tue Apr 19 18:36:36 PDT 2016; root:xnu-3248.50.21~8/RELEASE_X86_64

/usr/bin/uname -p = i386
/bin/uname -X     = unknown

/bin/arch              = unknown
/usr/bin/arch -k       = unknown
/usr/convex/getsysinfo = unknown
/usr/bin/hostinfo      = Mach kernel version:
	 Darwin Kernel Version 15.5.0: Tue Apr 19 18:36:36 PDT 2016; root:xnu-3248.50.21~8/RELEASE_X86_64
Kernel configured for up to 4 processors.
4 processors are physically available.
4 processors are logically available.
Processor type: x86_64h (Intel x86-64h Haswell)
Processors active: 0 1 2 3
Primary memory available: 16.00 gigabytes
Default processor set: 341 tasks, 1426 threads, 4 processors
Load average: 2.39, Mach factor: 1.93
/bin/machine           = unknown
/usr/bin/oslevel       = unknown
/bin/universe          = unknown

PATH: /usr/local/autoconf/bin
PATH: /Developer/NVIDIA/CUDA-7.5/bin
PATH: /usr/local/bin
PATH: /usr/bin
PATH: /bin
PATH: /usr/sbin
PATH: /sbin
PATH: /usr/local/sbin
PATH: /opt/X11/bin
PATH: /Library/TeX/texbin


## ----------- ##
## Core tests. ##
## ----------- ##

configure:1982: creating ./config.status

## ---------------------- ##
## Running config.status. ##
## ---------------------- ##

This file was extended by [llvm-deps] config.status [0.00], which was
generated by GNU Autoconf 2.69.  Invocation command line was

  CONFIG_FILES    = 
  CONFIG_HEADERS  = 
  CONFIG_LINKS    = 
  CONFIG_COMMANDS = 
  $ ./config.status 

on CSE-p338hfac01.cse.psu.edu

config.status:733: creating Makefile.common
config.status:894: executing setup commands
config.status:894: executing Makefile commands
config.status:894: executing lib/Makefile commands
config.status:894: executing runtime/Makefile commands
config.status:894: executing test/Makefile commands

## ---------------- ##
## Cache variables. ##
## ---------------- ##

ac_cv_env_build_alias_set=
ac_cv_env_build_alias_value=
ac_cv_env_host_alias_set=
ac_cv_env_host_alias_value=
ac_cv_env_target_alias_set=
ac_cv_env_target_alias_value=

## ----------------- ##
## Output variables. ##
## ----------------- ##

DEFS='-DPACKAGE_NAME=\"\[llvm-deps\]\" -DPACKAGE_TARNAME=\"--llvm-deps--\" -DPACKAGE_VERSION=\"\[0.00\]\" -DPACKAGE_STRING=\"\[llvm-deps\]\ \[0.00\]\" -DPACKAGE_BUGREPORT=\"sdmoore@fas.harvard.edu\" -DPACKAGE_URL=\"\"'
ECHO_C='\c'
ECHO_N=''
ECHO_T=''
LIBOBJS=''
LIBS=''
LLVM_OBJ='/Users/dbz5017/Research/Projects/llvm-dsa'
LLVM_SRC='/Users/dbz5017/Research/Projects/llvm-dsa'
LTLIBOBJS=''
PACKAGE_BUGREPORT='sdmoore@fas.harvard.edu'
PACKAGE_NAME='[llvm-deps]'
PACKAGE_STRING='[llvm-deps] [0.00]'
PACKAGE_TARNAME='--llvm-deps--'
PACKAGE_URL=''
PACKAGE_VERSION='[0.00]'
PATH_SEPARATOR=':'
SHELL='/bin/sh'
bindir='${exec_prefix}/bin'
build_alias=''
datadir='${datarootdir}'
datarootdir='${prefix}/share'
docdir='${datarootdir}/doc/${PACKAGE_TARNAME}'
dvidir='${docdir}'
exec_prefix='${prefix}'
host_alias=''
htmldir='${docdir}'
includedir='${prefix}/include'
infodir='${datarootdir}/info'
libdir='${exec_prefix}/lib'
libexecdir='${exec_prefix}/libexec'
localedir='${datarootdir}/locale'
localstatedir='${prefix}/var'
mandir='${datarootdir}/man'
oldincludedir='/usr/include'
pdfdir='${docdir}'
poolallocobjdir='/Users/dbz5017/Research/Projects/llvm-dsa/projects/poolalloc'
poolallocsrcdir='/Users/dbz5017/Research/Projects/llvm-dsa/projects/poolalloc'
prefix='/usr/local'
program_transform_name='s,x,x,'
psdir='${docdir}'
sbindir='${exec_prefix}/sbin'
sharedstatedir='${prefix}/com'
sysconfdir='${prefix}/etc'
target_alias=''
testobjdir='/Users/dbz5017/Research/Projects/llvm-dsa/projects/llvm-deps'
testsrcdir='/Users/dbz5017/Research/Projects/llvm-dsa/projects/llvm-deps'

## ----------- ##
## confdefs.h. ##
## ----------- ##

/* confdefs.h */
#define PACKAGE_NAME "[llvm-deps]"
#define PACKAGE_TARNAME "--llvm-deps--"
#define PACKAGE_VERSION "[0.00]"
#define PACKAGE_STRING "[llvm-deps] [0.00]"
#define PACKAGE_BUGREPORT "sdmoore@fas.harvard.edu"
#define PACKAGE_URL ""

configure: exit 0
